{"/home/junior/documents/TypeORM/TypeORM4/src/modules/users/infra/typeorm/entities/Users.ts": {"path":"/home/junior/documents/TypeORM/TypeORM4/src/modules/users/infra/typeorm/entities/Users.ts","all":false,"statementMap":{"0":{"start":{"line":1,"column":0},"end":{"line":1,"column":8}},"1":{"start":{"line":2,"column":0},"end":{"line":2,"column":9}},"2":{"start":{"line":3,"column":0},"end":{"line":3,"column":16}},"3":{"start":{"line":4,"column":0},"end":{"line":4,"column":9}},"4":{"start":{"line":5,"column":0},"end":{"line":5,"column":19}},"5":{"start":{"line":6,"column":0},"end":{"line":6,"column":19}},"6":{"start":{"line":7,"column":0},"end":{"line":7,"column":16}},"7":{"start":{"line":8,"column":0},"end":{"line":8,"column":43}},"8":{"start":{"line":9,"column":0},"end":{"line":9,"column":33}},"9":{"start":{"line":10,"column":0},"end":{"line":10,"column":0}},"10":{"start":{"line":11,"column":0},"end":{"line":11,"column":16}},"11":{"start":{"line":12,"column":0},"end":{"line":12,"column":19}},"12":{"start":{"line":13,"column":0},"end":{"line":13,"column":18}},"13":{"start":{"line":14,"column":0},"end":{"line":14,"column":12}},"14":{"start":{"line":15,"column":0},"end":{"line":15,"column":0}},"15":{"start":{"line":16,"column":0},"end":{"line":16,"column":11}},"16":{"start":{"line":17,"column":0},"end":{"line":17,"column":14}},"17":{"start":{"line":18,"column":0},"end":{"line":18,"column":0}},"18":{"start":{"line":19,"column":0},"end":{"line":19,"column":11}},"19":{"start":{"line":20,"column":0},"end":{"line":20,"column":15}},"20":{"start":{"line":21,"column":0},"end":{"line":21,"column":0}},"21":{"start":{"line":22,"column":0},"end":{"line":22,"column":11}},"22":{"start":{"line":23,"column":0},"end":{"line":23,"column":12}},"23":{"start":{"line":24,"column":0},"end":{"line":24,"column":18}},"24":{"start":{"line":25,"column":0},"end":{"line":25,"column":0}},"25":{"start":{"line":26,"column":0},"end":{"line":26,"column":21}},"26":{"start":{"line":27,"column":0},"end":{"line":27,"column":18}},"27":{"start":{"line":28,"column":0},"end":{"line":28,"column":0}},"28":{"start":{"line":29,"column":0},"end":{"line":29,"column":21}},"29":{"start":{"line":30,"column":0},"end":{"line":30,"column":18}},"30":{"start":{"line":31,"column":0},"end":{"line":31,"column":0}},"31":{"start":{"line":32,"column":0},"end":{"line":32,"column":17}},"32":{"start":{"line":33,"column":0},"end":{"line":33,"column":19}},"33":{"start":{"line":34,"column":0},"end":{"line":34,"column":36}},"34":{"start":{"line":35,"column":0},"end":{"line":35,"column":5}},"35":{"start":{"line":36,"column":0},"end":{"line":36,"column":3}},"36":{"start":{"line":37,"column":0},"end":{"line":37,"column":1}}},"s":{"0":1,"1":1,"2":1,"3":1,"4":1,"5":1,"6":1,"7":1,"8":1,"9":1,"10":1,"11":1,"12":1,"13":1,"14":1,"15":1,"16":1,"17":1,"18":1,"19":1,"20":1,"21":1,"22":1,"23":1,"24":1,"25":1,"26":1,"27":1,"28":1,"29":1,"30":1,"31":1,"32":3,"33":3,"34":3,"35":3,"36":1},"branchMap":{"0":{"type":"branch","line":32,"loc":{"start":{"line":32,"column":2},"end":{"line":36,"column":3}},"locations":[{"start":{"line":32,"column":2},"end":{"line":36,"column":3}}]}},"b":{"0":[3]},"fnMap":{"0":{"name":"User","decl":{"start":{"line":32,"column":2},"end":{"line":36,"column":3}},"loc":{"start":{"line":32,"column":2},"end":{"line":36,"column":3}},"line":32}},"f":{"0":3}}
,"/home/junior/documents/TypeORM/TypeORM4/src/modules/users/repositories/in-memory/InMemoryUserRepository.ts": {"path":"/home/junior/documents/TypeORM/TypeORM4/src/modules/users/repositories/in-memory/InMemoryUserRepository.ts","all":false,"statementMap":{"0":{"start":{"line":1,"column":0},"end":{"line":1,"column":57}},"1":{"start":{"line":2,"column":0},"end":{"line":2,"column":64}},"2":{"start":{"line":3,"column":0},"end":{"line":3,"column":58}},"3":{"start":{"line":4,"column":0},"end":{"line":4,"column":33}},"4":{"start":{"line":5,"column":0},"end":{"line":5,"column":0}},"5":{"start":{"line":6,"column":0},"end":{"line":6,"column":65}},"6":{"start":{"line":7,"column":0},"end":{"line":7,"column":28}},"7":{"start":{"line":8,"column":0},"end":{"line":8,"column":0}},"8":{"start":{"line":9,"column":0},"end":{"line":9,"column":68}},"9":{"start":{"line":10,"column":0},"end":{"line":10,"column":62}},"10":{"start":{"line":11,"column":0},"end":{"line":11,"column":0}},"11":{"start":{"line":12,"column":0},"end":{"line":12,"column":23}},"12":{"start":{"line":13,"column":0},"end":{"line":13,"column":3}},"13":{"start":{"line":14,"column":0},"end":{"line":14,"column":0}},"14":{"start":{"line":15,"column":0},"end":{"line":15,"column":23}},"15":{"start":{"line":16,"column":0},"end":{"line":16,"column":9}},"16":{"start":{"line":17,"column":0},"end":{"line":17,"column":10}},"17":{"start":{"line":18,"column":0},"end":{"line":18,"column":13}},"18":{"start":{"line":19,"column":0},"end":{"line":19,"column":37}},"19":{"start":{"line":20,"column":0},"end":{"line":20,"column":27}},"20":{"start":{"line":21,"column":0},"end":{"line":21,"column":0}},"21":{"start":{"line":22,"column":0},"end":{"line":22,"column":50}},"22":{"start":{"line":23,"column":0},"end":{"line":23,"column":0}},"23":{"start":{"line":24,"column":0},"end":{"line":24,"column":25}},"24":{"start":{"line":25,"column":0},"end":{"line":25,"column":0}},"25":{"start":{"line":26,"column":0},"end":{"line":26,"column":15}},"26":{"start":{"line":27,"column":0},"end":{"line":27,"column":3}},"27":{"start":{"line":28,"column":0},"end":{"line":28,"column":0}},"28":{"start":{"line":29,"column":0},"end":{"line":29,"column":43}},"29":{"start":{"line":30,"column":0},"end":{"line":30,"column":21}},"30":{"start":{"line":31,"column":0},"end":{"line":31,"column":3}},"31":{"start":{"line":32,"column":0},"end":{"line":32,"column":0}},"32":{"start":{"line":33,"column":0},"end":{"line":33,"column":62}},"33":{"start":{"line":34,"column":0},"end":{"line":34,"column":56}},"34":{"start":{"line":35,"column":0},"end":{"line":35,"column":0}},"35":{"start":{"line":36,"column":0},"end":{"line":36,"column":23}},"36":{"start":{"line":37,"column":0},"end":{"line":37,"column":3}},"37":{"start":{"line":38,"column":0},"end":{"line":38,"column":0}},"38":{"start":{"line":39,"column":0},"end":{"line":39,"column":48}},"39":{"start":{"line":40,"column":0},"end":{"line":40,"column":25}},"40":{"start":{"line":41,"column":0},"end":{"line":41,"column":0}},"41":{"start":{"line":42,"column":0},"end":{"line":42,"column":15}},"42":{"start":{"line":43,"column":0},"end":{"line":43,"column":3}},"43":{"start":{"line":44,"column":0},"end":{"line":44,"column":0}},"44":{"start":{"line":45,"column":0},"end":{"line":45,"column":50}},"45":{"start":{"line":46,"column":0},"end":{"line":46,"column":20}},"46":{"start":{"line":47,"column":0},"end":{"line":47,"column":3}},"47":{"start":{"line":48,"column":0},"end":{"line":48,"column":1}}},"s":{"0":1,"1":1,"2":1,"3":1,"4":1,"5":4,"6":4,"7":4,"8":4,"9":4,"10":4,"11":4,"12":4,"13":4,"14":4,"15":3,"16":3,"17":3,"18":3,"19":3,"20":3,"21":3,"22":3,"23":3,"24":3,"25":3,"26":3,"27":4,"28":4,"29":2,"30":2,"31":4,"32":4,"33":0,"34":0,"35":0,"36":0,"37":4,"38":4,"39":0,"40":0,"41":0,"42":0,"43":4,"44":4,"45":0,"46":0,"47":4},"branchMap":{"0":{"type":"branch","line":6,"loc":{"start":{"line":6,"column":0},"end":{"line":48,"column":1}},"locations":[{"start":{"line":6,"column":0},"end":{"line":48,"column":1}}]},"1":{"type":"branch","line":9,"loc":{"start":{"line":9,"column":15},"end":{"line":13,"column":3}},"locations":[{"start":{"line":9,"column":15},"end":{"line":13,"column":3}}]},"2":{"type":"branch","line":12,"loc":{"start":{"line":12,"column":15},"end":{"line":12,"column":23}},"locations":[{"start":{"line":12,"column":15},"end":{"line":12,"column":23}}]},"3":{"type":"branch","line":10,"loc":{"start":{"line":10,"column":33},"end":{"line":10,"column":61}},"locations":[{"start":{"line":10,"column":33},"end":{"line":10,"column":61}}]},"4":{"type":"branch","line":15,"loc":{"start":{"line":15,"column":15},"end":{"line":27,"column":3}},"locations":[{"start":{"line":15,"column":15},"end":{"line":27,"column":3}}]},"5":{"type":"branch","line":29,"loc":{"start":{"line":29,"column":15},"end":{"line":31,"column":3}},"locations":[{"start":{"line":29,"column":15},"end":{"line":31,"column":3}}]}},"b":{"0":[4],"1":[4],"2":[3],"3":[1],"4":[3],"5":[2]},"fnMap":{"0":{"name":"InMemoryUserRepository","decl":{"start":{"line":6,"column":0},"end":{"line":48,"column":1}},"loc":{"start":{"line":6,"column":0},"end":{"line":48,"column":1}},"line":6},"1":{"name":"findOneByEmail","decl":{"start":{"line":9,"column":15},"end":{"line":13,"column":3}},"loc":{"start":{"line":9,"column":15},"end":{"line":13,"column":3}},"line":9},"2":{"name":"create","decl":{"start":{"line":15,"column":15},"end":{"line":27,"column":3}},"loc":{"start":{"line":15,"column":15},"end":{"line":27,"column":3}},"line":15},"3":{"name":"findAll","decl":{"start":{"line":29,"column":15},"end":{"line":31,"column":3}},"loc":{"start":{"line":29,"column":15},"end":{"line":31,"column":3}},"line":29},"4":{"name":"findOneById","decl":{"start":{"line":33,"column":15},"end":{"line":37,"column":3}},"loc":{"start":{"line":33,"column":15},"end":{"line":37,"column":3}},"line":33},"5":{"name":"save","decl":{"start":{"line":39,"column":15},"end":{"line":43,"column":3}},"loc":{"start":{"line":39,"column":15},"end":{"line":43,"column":3}},"line":39},"6":{"name":"delete","decl":{"start":{"line":45,"column":15},"end":{"line":47,"column":3}},"loc":{"start":{"line":45,"column":15},"end":{"line":47,"column":3}},"line":45}},"f":{"0":4,"1":4,"2":3,"3":2,"4":0,"5":0,"6":0}}
,"/home/junior/documents/TypeORM/TypeORM4/src/modules/users/services/CreateUserService.ts": {"path":"/home/junior/documents/TypeORM/TypeORM4/src/modules/users/services/CreateUserService.ts","all":false,"statementMap":{"0":{"start":{"line":1,"column":0},"end":{"line":1,"column":54}},"1":{"start":{"line":2,"column":0},"end":{"line":2,"column":31}},"2":{"start":{"line":3,"column":0},"end":{"line":3,"column":77}},"3":{"start":{"line":4,"column":0},"end":{"line":4,"column":54}},"4":{"start":{"line":5,"column":0},"end":{"line":5,"column":0}},"5":{"start":{"line":6,"column":0},"end":{"line":6,"column":20}},"6":{"start":{"line":7,"column":0},"end":{"line":7,"column":14}},"7":{"start":{"line":8,"column":0},"end":{"line":8,"column":15}},"8":{"start":{"line":9,"column":0},"end":{"line":9,"column":18}},"9":{"start":{"line":10,"column":0},"end":{"line":10,"column":1}},"10":{"start":{"line":11,"column":0},"end":{"line":11,"column":0}},"11":{"start":{"line":12,"column":0},"end":{"line":12,"column":32}},"12":{"start":{"line":13,"column":0},"end":{"line":13,"column":68}},"13":{"start":{"line":14,"column":0},"end":{"line":14,"column":0}},"14":{"start":{"line":15,"column":0},"end":{"line":15,"column":76}},"15":{"start":{"line":16,"column":0},"end":{"line":16,"column":71}},"16":{"start":{"line":17,"column":0},"end":{"line":17,"column":0}},"17":{"start":{"line":18,"column":0},"end":{"line":18,"column":21}},"18":{"start":{"line":19,"column":0},"end":{"line":19,"column":52}},"19":{"start":{"line":20,"column":0},"end":{"line":20,"column":5}},"20":{"start":{"line":21,"column":0},"end":{"line":21,"column":0}},"21":{"start":{"line":22,"column":0},"end":{"line":22,"column":46}},"22":{"start":{"line":23,"column":0},"end":{"line":23,"column":0}},"23":{"start":{"line":24,"column":0},"end":{"line":24,"column":46}},"24":{"start":{"line":25,"column":0},"end":{"line":25,"column":12}},"25":{"start":{"line":26,"column":0},"end":{"line":26,"column":11}},"26":{"start":{"line":27,"column":0},"end":{"line":27,"column":27}},"27":{"start":{"line":28,"column":0},"end":{"line":28,"column":6}},"28":{"start":{"line":29,"column":0},"end":{"line":29,"column":0}},"29":{"start":{"line":30,"column":0},"end":{"line":30,"column":15}},"30":{"start":{"line":31,"column":0},"end":{"line":31,"column":3}},"31":{"start":{"line":32,"column":0},"end":{"line":32,"column":1}}},"s":{"0":1,"1":1,"2":1,"3":1,"4":1,"5":1,"6":1,"7":1,"8":1,"9":1,"10":1,"11":1,"12":1,"13":1,"14":1,"15":4,"16":4,"17":4,"18":1,"19":1,"20":3,"21":3,"22":3,"23":3,"24":3,"25":3,"26":3,"27":3,"28":3,"29":3,"30":3,"31":1},"branchMap":{"0":{"type":"branch","line":13,"loc":{"start":{"line":13,"column":2},"end":{"line":13,"column":68}},"locations":[{"start":{"line":13,"column":2},"end":{"line":13,"column":68}}]},"1":{"type":"branch","line":15,"loc":{"start":{"line":15,"column":15},"end":{"line":31,"column":3}},"locations":[{"start":{"line":15,"column":15},"end":{"line":31,"column":3}}]},"2":{"type":"branch","line":18,"loc":{"start":{"line":18,"column":20},"end":{"line":20,"column":5}},"locations":[{"start":{"line":18,"column":20},"end":{"line":20,"column":5}}]},"3":{"type":"branch","line":21,"loc":{"start":{"line":21,"column":-1},"end":{"line":31,"column":3}},"locations":[{"start":{"line":21,"column":-1},"end":{"line":31,"column":3}}]}},"b":{"0":[4],"1":[4],"2":[1],"3":[3]},"fnMap":{"0":{"name":"CreateUserService","decl":{"start":{"line":13,"column":2},"end":{"line":13,"column":68}},"loc":{"start":{"line":13,"column":2},"end":{"line":13,"column":68}},"line":13},"1":{"name":"execute","decl":{"start":{"line":15,"column":15},"end":{"line":31,"column":3}},"loc":{"start":{"line":15,"column":15},"end":{"line":31,"column":3}},"line":15}},"f":{"0":4,"1":4}}
,"/home/junior/documents/TypeORM/TypeORM4/src/modules/users/services/GetUserService.ts": {"path":"/home/junior/documents/TypeORM/TypeORM4/src/modules/users/services/GetUserService.ts","all":false,"statementMap":{"0":{"start":{"line":1,"column":0},"end":{"line":1,"column":54}},"1":{"start":{"line":2,"column":0},"end":{"line":2,"column":77}},"2":{"start":{"line":3,"column":0},"end":{"line":3,"column":0}},"3":{"start":{"line":4,"column":0},"end":{"line":4,"column":29}},"4":{"start":{"line":5,"column":0},"end":{"line":5,"column":68}},"5":{"start":{"line":6,"column":0},"end":{"line":6,"column":0}},"6":{"start":{"line":7,"column":0},"end":{"line":7,"column":26}},"7":{"start":{"line":8,"column":0},"end":{"line":8,"column":53}},"8":{"start":{"line":9,"column":0},"end":{"line":9,"column":0}},"9":{"start":{"line":10,"column":0},"end":{"line":10,"column":28}},"10":{"start":{"line":11,"column":0},"end":{"line":11,"column":46}},"11":{"start":{"line":12,"column":0},"end":{"line":12,"column":5}},"12":{"start":{"line":13,"column":0},"end":{"line":13,"column":0}},"13":{"start":{"line":14,"column":0},"end":{"line":14,"column":15}},"14":{"start":{"line":15,"column":0},"end":{"line":15,"column":3}},"15":{"start":{"line":16,"column":0},"end":{"line":16,"column":1}}},"s":{"0":1,"1":1,"2":1,"3":1,"4":1,"5":1,"6":1,"7":2,"8":2,"9":2,"10":1,"11":1,"12":1,"13":1,"14":1,"15":1},"branchMap":{"0":{"type":"branch","line":5,"loc":{"start":{"line":5,"column":2},"end":{"line":5,"column":68}},"locations":[{"start":{"line":5,"column":2},"end":{"line":5,"column":68}}]},"1":{"type":"branch","line":7,"loc":{"start":{"line":7,"column":15},"end":{"line":15,"column":3}},"locations":[{"start":{"line":7,"column":15},"end":{"line":15,"column":3}}]},"2":{"type":"branch","line":10,"loc":{"start":{"line":10,"column":27},"end":{"line":15,"column":3}},"locations":[{"start":{"line":10,"column":27},"end":{"line":15,"column":3}}]}},"b":{"0":[2],"1":[2],"2":[1]},"fnMap":{"0":{"name":"GetUserService","decl":{"start":{"line":5,"column":2},"end":{"line":5,"column":68}},"loc":{"start":{"line":5,"column":2},"end":{"line":5,"column":68}},"line":5},"1":{"name":"execute","decl":{"start":{"line":7,"column":15},"end":{"line":15,"column":3}},"loc":{"start":{"line":7,"column":15},"end":{"line":15,"column":3}},"line":7}},"f":{"0":2,"1":2}}
,"/home/junior/documents/TypeORM/TypeORM4/src/shared/errors/AppError.ts": {"path":"/home/junior/documents/TypeORM/TypeORM4/src/shared/errors/AppError.ts","all":false,"statementMap":{"0":{"start":{"line":1,"column":0},"end":{"line":1,"column":31}},"1":{"start":{"line":2,"column":0},"end":{"line":2,"column":33}},"2":{"start":{"line":3,"column":0},"end":{"line":3,"column":36}},"3":{"start":{"line":4,"column":0},"end":{"line":4,"column":50}},"4":{"start":{"line":5,"column":0},"end":{"line":5,"column":26}},"5":{"start":{"line":6,"column":0},"end":{"line":6,"column":32}},"6":{"start":{"line":7,"column":0},"end":{"line":7,"column":3}},"7":{"start":{"line":8,"column":0},"end":{"line":8,"column":1}}},"s":{"0":1,"1":1,"2":1,"3":1,"4":2,"5":2,"6":2,"7":1},"branchMap":{"0":{"type":"branch","line":4,"loc":{"start":{"line":4,"column":2},"end":{"line":7,"column":3}},"locations":[{"start":{"line":4,"column":2},"end":{"line":7,"column":3}}]}},"b":{"0":[2]},"fnMap":{"0":{"name":"AppError","decl":{"start":{"line":4,"column":2},"end":{"line":7,"column":3}},"loc":{"start":{"line":4,"column":2},"end":{"line":7,"column":3}},"line":4}},"f":{"0":2}}
}
