TN:
SF:src/modules/posts/infra/typeorm/entities/Posts.ts
FN:32,Post
FNF:1
FNH:0
FNDA:0,Post
DA:1,1
DA:2,1
DA:3,1
DA:4,1
DA:5,1
DA:6,1
DA:7,1
DA:8,1
DA:9,1
DA:10,1
DA:11,1
DA:12,1
DA:13,1
DA:14,1
DA:15,1
DA:16,1
DA:17,1
DA:18,1
DA:19,1
DA:20,1
DA:21,1
DA:22,1
DA:23,1
DA:24,1
DA:25,1
DA:26,1
DA:27,1
DA:28,1
DA:29,1
DA:30,1
DA:31,1
DA:32,1
DA:33,0
DA:34,0
DA:35,0
DA:36,0
DA:37,1
LF:37
LH:33
BRF:0
BRH:0
end_of_record
TN:
SF:src/modules/users/infra/typeorm/entities/Users.ts
FN:37,User
FNF:1
FNH:1
FNDA:6,User
DA:1,1
DA:2,1
DA:3,1
DA:4,1
DA:5,1
DA:6,1
DA:7,1
DA:8,1
DA:9,1
DA:10,1
DA:11,1
DA:12,1
DA:13,1
DA:14,1
DA:15,1
DA:16,1
DA:17,1
DA:18,1
DA:19,1
DA:20,1
DA:21,1
DA:22,1
DA:23,1
DA:24,1
DA:25,1
DA:26,1
DA:27,1
DA:28,1
DA:29,1
DA:30,1
DA:31,1
DA:32,1
DA:33,1
DA:34,1
DA:35,1
DA:36,1
DA:37,1
DA:38,6
DA:39,6
DA:40,6
DA:41,6
DA:42,1
LF:42
LH:42
BRDA:37,0,0,6
BRF:1
BRH:1
end_of_record
TN:
SF:src/modules/users/repositories/in-memory/InMemoryUserRepository.ts
FN:6,InMemoryUserRepository
FN:9,findOneByEmail
FN:15,create
FN:29,findAll
FN:33,findOneById
FN:39,save
FN:45,delete
FNF:7
FNH:6
FNDA:8,InMemoryUserRepository
FNDA:9,findOneByEmail
FNDA:6,create
FNDA:2,findAll
FNDA:4,findOneById
FNDA:2,save
FNDA:0,delete
DA:1,1
DA:2,1
DA:3,1
DA:4,1
DA:5,1
DA:6,8
DA:7,8
DA:8,8
DA:9,8
DA:10,9
DA:11,9
DA:12,9
DA:13,9
DA:14,8
DA:15,8
DA:16,6
DA:17,6
DA:18,6
DA:19,6
DA:20,6
DA:21,6
DA:22,6
DA:23,6
DA:24,6
DA:25,6
DA:26,6
DA:27,6
DA:28,8
DA:29,8
DA:30,2
DA:31,2
DA:32,8
DA:33,8
DA:34,4
DA:35,4
DA:36,4
DA:37,4
DA:38,8
DA:39,8
DA:40,2
DA:41,2
DA:42,2
DA:43,2
DA:44,8
DA:45,8
DA:46,0
DA:47,0
DA:48,8
LF:48
LH:46
BRDA:6,0,0,8
BRDA:9,1,0,9
BRDA:12,2,0,7
BRDA:10,3,0,3
BRDA:15,4,0,6
BRDA:29,5,0,2
BRDA:33,6,0,4
BRDA:36,7,0,1
BRDA:34,8,0,3
BRDA:39,9,0,2
BRF:10
BRH:10
end_of_record
TN:
SF:src/modules/users/services/CreateUserService.ts
FN:13,CreateUserService
FN:15,execute
FNF:2
FNH:2
FNDA:8,CreateUserService
FNDA:7,execute
DA:1,1
DA:2,1
DA:3,1
DA:4,1
DA:5,1
DA:6,1
DA:7,1
DA:8,1
DA:9,1
DA:10,1
DA:11,1
DA:12,1
DA:13,1
DA:14,1
DA:15,1
DA:16,7
DA:17,7
DA:18,7
DA:19,1
DA:20,1
DA:21,6
DA:22,6
DA:23,6
DA:24,6
DA:25,6
DA:26,6
DA:27,6
DA:28,6
DA:29,6
DA:30,6
DA:31,6
DA:32,1
LF:32
LH:32
BRDA:13,0,0,8
BRDA:15,1,0,7
BRDA:18,2,0,1
BRDA:21,3,0,6
BRF:4
BRH:4
end_of_record
TN:
SF:src/modules/users/services/GetUserService.ts
FN:5,GetUserService
FN:7,execute
FNF:2
FNH:2
FNDA:2,GetUserService
FNDA:2,execute
DA:1,1
DA:2,1
DA:3,1
DA:4,1
DA:5,1
DA:6,1
DA:7,1
DA:8,2
DA:9,2
DA:10,2
DA:11,1
DA:12,1
DA:13,1
DA:14,1
DA:15,1
DA:16,1
LF:16
LH:16
BRDA:5,0,0,2
BRDA:7,1,0,2
BRDA:10,2,0,1
BRF:3
BRH:3
end_of_record
TN:
SF:src/modules/users/services/UpdateUserService.ts
FN:14,UpdateUserService
FN:16,execute
FNF:2
FNH:2
FNDA:4,UpdateUserService
FNDA:4,execute
DA:1,1
DA:2,1
DA:3,1
DA:4,1
DA:5,1
DA:6,1
DA:7,1
DA:8,1
DA:9,1
DA:10,1
DA:11,1
DA:12,1
DA:13,1
DA:14,1
DA:15,1
DA:16,1
DA:17,4
DA:18,4
DA:19,4
DA:20,1
DA:21,1
DA:22,3
DA:23,4
DA:24,2
DA:25,2
DA:26,1
DA:27,1
DA:28,1
DA:29,1
DA:30,2
DA:31,4
DA:32,1
DA:33,1
DA:34,1
DA:35,2
DA:36,4
DA:37,4
DA:38,4
DA:39,2
DA:40,2
DA:41,2
DA:42,1
LF:42
LH:42
BRDA:14,0,0,4
BRDA:16,1,0,4
BRDA:19,2,0,1
BRDA:22,3,0,3
BRDA:23,4,0,2
BRDA:25,5,0,1
BRDA:31,6,0,1
BRDA:35,7,0,2
BRDA:36,8,0,0
BRDA:39,9,0,2
BRF:10
BRH:9
end_of_record
TN:
SF:src/shared/errors/AppError.ts
FN:4,AppError
FNF:1
FNH:1
FNDA:4,AppError
DA:1,1
DA:2,1
DA:3,1
DA:4,1
DA:5,4
DA:6,4
DA:7,4
DA:8,1
LF:8
LH:8
BRDA:4,0,0,4
BRF:1
BRH:1
end_of_record
