TN:
SF:src/modules/users/infra/typeorm/entities/Users.ts
FNF:0
FNH:0
DA:1,1
DA:2,1
DA:3,1
DA:4,1
DA:5,1
DA:6,1
DA:7,1
DA:8,1
DA:9,1
DA:10,1
DA:11,1
DA:12,1
DA:13,1
DA:14,1
DA:15,1
DA:16,1
DA:17,1
DA:18,1
DA:19,1
DA:20,1
DA:21,1
DA:22,1
DA:23,1
DA:24,1
DA:25,1
DA:26,1
DA:27,1
DA:28,1
DA:29,1
DA:30,1
LF:30
LH:30
BRF:0
BRH:0
end_of_record
TN:
SF:src/modules/users/repositories/in-memory/InMemoryUserRepository.ts
FN:6,InMemoryUserRepository
FN:9,findOneByEmail
FN:15,create
FN:29,findAll
FN:33,findOneById
FN:39,save
FN:45,delete
FNF:7
FNH:4
FNDA:4,InMemoryUserRepository
FNDA:4,findOneByEmail
FNDA:3,create
FNDA:2,findAll
FNDA:0,findOneById
FNDA:0,save
FNDA:0,delete
DA:1,1
DA:2,1
DA:3,1
DA:4,1
DA:5,1
DA:6,4
DA:7,4
DA:8,4
DA:9,4
DA:10,4
DA:11,4
DA:12,4
DA:13,4
DA:14,4
DA:15,4
DA:16,3
DA:17,3
DA:18,3
DA:19,3
DA:20,3
DA:21,3
DA:22,3
DA:23,3
DA:24,3
DA:25,3
DA:26,3
DA:27,3
DA:28,4
DA:29,4
DA:30,2
DA:31,2
DA:32,4
DA:33,4
DA:34,0
DA:35,0
DA:36,0
DA:37,0
DA:38,4
DA:39,4
DA:40,0
DA:41,0
DA:42,0
DA:43,0
DA:44,4
DA:45,4
DA:46,0
DA:47,0
DA:48,4
LF:48
LH:38
BRDA:6,0,0,4
BRDA:9,1,0,4
BRDA:12,2,0,3
BRDA:10,3,0,1
BRDA:15,4,0,3
BRDA:29,5,0,2
BRF:6
BRH:6
end_of_record
TN:
SF:src/modules/users/services/CreateUserService.ts
FN:14,CreateUserService
FN:16,execute
FNF:2
FNH:2
FNDA:4,CreateUserService
FNDA:4,execute
DA:1,1
DA:2,1
DA:3,1
DA:4,1
DA:5,1
DA:6,1
DA:7,1
DA:8,1
DA:9,1
DA:10,1
DA:11,1
DA:12,1
DA:13,1
DA:14,1
DA:15,1
DA:16,1
DA:17,4
DA:18,4
DA:19,4
DA:20,1
DA:21,1
DA:22,3
DA:23,3
DA:24,3
DA:25,3
DA:26,3
DA:27,3
DA:28,3
DA:29,3
DA:30,3
DA:31,3
DA:32,3
DA:33,3
DA:34,1
LF:34
LH:34
BRDA:14,0,0,4
BRDA:16,1,0,4
BRDA:19,2,0,1
BRDA:22,3,0,3
BRF:4
BRH:4
end_of_record
TN:
SF:src/modules/users/services/GetUserService.ts
FN:5,GetUserService
FN:7,execute
FNF:2
FNH:2
FNDA:2,GetUserService
FNDA:2,execute
DA:1,1
DA:2,1
DA:3,1
DA:4,1
DA:5,1
DA:6,1
DA:7,1
DA:8,2
DA:9,2
DA:10,2
DA:11,1
DA:12,1
DA:13,1
DA:14,1
DA:15,1
DA:16,1
LF:16
LH:16
BRDA:5,0,0,2
BRDA:7,1,0,2
BRDA:10,2,0,1
BRF:3
BRH:3
end_of_record
TN:
SF:src/shared/errors/AppError.ts
FN:4,AppError
FNF:1
FNH:1
FNDA:2,AppError
DA:1,1
DA:2,1
DA:3,1
DA:4,1
DA:5,2
DA:6,2
DA:7,2
DA:8,1
LF:8
LH:8
BRDA:4,0,0,2
BRF:1
BRH:1
end_of_record
